{
  "stats": {
    "suites": 1,
    "tests": 1,
    "passes": 0,
    "pending": 0,
    "failures": 1,
    "start": "2023-11-11T15:18:10.447Z",
    "end": "2023-11-11T15:18:32.316Z",
    "duration": 21869,
    "testsRegistered": 1,
    "passPercent": 0,
    "pendingPercent": 0,
    "other": 0,
    "hasOther": false,
    "skipped": 0,
    "hasSkipped": false
  },
  "results": [
    {
      "uuid": "023015f1-193c-4bf7-a2f6-51c28ac656ef",
      "title": "",
      "fullFile": "cypress/e2e/tests/movie_details/MovieDetails_spec.cy.js",
      "file": "cypress/e2e/tests/movie_details/MovieDetails_spec.cy.js",
      "beforeHooks": [],
      "afterHooks": [],
      "tests": [],
      "suites": [
        {
          "uuid": "23e2b6c1-d43b-442f-8c8f-3d4e46f45509",
          "title": "Movie Details Checks",
          "fullFile": "",
          "file": "",
          "beforeHooks": [],
          "afterHooks": [],
          "tests": [
            {
              "title": "should check genre detail of the movie from tooltip",
              "fullTitle": "Movie Details Checks should check genre detail of the movie from tooltip",
              "timedOut": null,
              "duration": 21806,
              "state": "failed",
              "speed": null,
              "pass": false,
              "fail": true,
              "pending": false,
              "context": null,
              "code": "_FiltersPage.default.selectRandomGenre().then(selectedGenre => {\n  _FiltersPage.default.closeFilterMenu();\n  _FiltersPage.default.checkSelectedFilterVisibility(selectedGenre);\n  _Top250MoviesChartPage.default.getRandomMovieTitle().then(selectedMovieTitle => {\n    _MovieDetailsPage.default.clickTooltipOfAMovie(selectedMovieTitle);\n    let movieGenres = _MovieDetailsPage.default.getGenresOfAMovie();\n    cy.wrap(movieGenres).as('data');\n    cy.get('@data').then(() => {\n      expect(movieGenres).to.contain(selectedGenre);\n    });\n  });\n});",
              "err": {
                "message": "AssertionError: expected [ 'Biography', 'Drama', 'History' ] to include 'War'",
                "estack": "AssertionError: expected [ 'Biography', 'Drama', 'History' ] to include 'War'\n    at  (webpack://mb_sdet_task/./cypress/e2e/tests/movie_details/MovieDetails_spec.cy.js:28:43)\n    at getRet (https://www.imdb.com/__cypress/runner/cypress_runner.js:118271:20)\n    at tryCatcher (https://www.imdb.com/__cypress/runner/cypress_runner.js:1807:23)\n    at __webpack_modules__</module.exports/Promise.try (https://www.imdb.com/__cypress/runner/cypress_runner.js:4315:29)\n    at thenFn (https://www.imdb.com/__cypress/runner/cypress_runner.js:118282:60)\n    at then (https://www.imdb.com/__cypress/runner/cypress_runner.js:118531:21)\n    at wrapped (https://www.imdb.com/__cypress/runner/cypress_runner.js:138620:19)\n    at __webpack_modules__</runCommand (https://www.imdb.com/__cypress/runner/cypress_runner.js:144515:15)\n    at tryCatcher (https://www.imdb.com/__cypress/runner/cypress_runner.js:1807:23)\n    at __webpack_modules__</module.exports/Promise.prototype._settlePromiseFromHandler (https://www.imdb.com/__cypress/runner/cypress_runner.js:1519:31)\n    at __webpack_modules__</module.exports/Promise.prototype._settlePromise (https://www.imdb.com/__cypress/runner/cypress_runner.js:1576:18)\n    at __webpack_modules__</module.exports/Promise.prototype._settlePromiseCtx (https://www.imdb.com/__cypress/runner/cypress_runner.js:1613:10)\n    at _drainQueueStep (https://www.imdb.com/__cypress/runner/cypress_runner.js:2411:12)\n    at _drainQueue (https://www.imdb.com/__cypress/runner/cypress_runner.js:2400:24)\n    at __webpack_modules__</Async.prototype._drainQueues (https://www.imdb.com/__cypress/runner/cypress_runner.js:2416:16)\n    at __webpack_modules__</Async/this.drainQueues (https://www.imdb.com/__cypress/runner/cypress_runner.js:2286:14)",
                "diff": null
              },
              "uuid": "9e3d123a-573d-4030-a3a7-6b33cf2c2087",
              "parentUUID": "23e2b6c1-d43b-442f-8c8f-3d4e46f45509",
              "isHook": false,
              "skipped": false
            }
          ],
          "suites": [],
          "passes": [],
          "failures": [
            "9e3d123a-573d-4030-a3a7-6b33cf2c2087"
          ],
          "pending": [],
          "skipped": [],
          "duration": 21806,
          "root": false,
          "rootEmpty": false,
          "_timeout": 2000
        }
      ],
      "passes": [],
      "failures": [],
      "pending": [],
      "skipped": [],
      "duration": 0,
      "root": true,
      "rootEmpty": true,
      "_timeout": 2000
    }
  ],
  "meta": {
    "mocha": {
      "version": "7.0.1"
    },
    "mochawesome": {
      "options": {
        "quiet": false,
        "reportFilename": "mochawesome",
        "saveHtml": false,
        "saveJson": true,
        "consoleReporter": "spec",
        "useInlineDiffs": false,
        "code": true
      },
      "version": "7.1.3"
    },
    "marge": {
      "options": {
        "charts": true,
        "reportPageTitle": "QA Task Report",
        "embeddedScreenshots": false,
        "inlineAssets": true,
        "saveAllAttempts": false,
        "overwrite": false,
        "html": false,
        "json": true,
        "reportDir": "cypress/reports/html/.jsons"
      },
      "version": "6.2.0"
    }
  }
}