{
  "stats": {
    "suites": 1,
    "tests": 1,
    "passes": 1,
    "pending": 0,
    "failures": 0,
    "start": "2023-11-11T15:17:49.038Z",
    "end": "2023-11-11T15:18:09.397Z",
    "duration": 20359,
    "testsRegistered": 1,
    "passPercent": 100,
    "pendingPercent": 0,
    "other": 0,
    "hasOther": false,
    "skipped": 0,
    "hasSkipped": false
  },
  "results": [
    {
      "uuid": "9ba20e74-ccfd-42bf-b584-2c3688d4906c",
      "title": "",
      "fullFile": "cypress/e2e/tests/filters/MovieFilters_spec.cy.js",
      "file": "cypress/e2e/tests/filters/MovieFilters_spec.cy.js",
      "beforeHooks": [],
      "afterHooks": [],
      "tests": [],
      "suites": [
        {
          "uuid": "890d7626-c946-438b-8411-09e6923e171d",
          "title": "FilterActions",
          "fullFile": "",
          "file": "",
          "beforeHooks": [],
          "afterHooks": [],
          "tests": [
            {
              "title": "should apply genre filter",
              "fullTitle": "FilterActions should apply genre filter",
              "timedOut": null,
              "duration": 20308,
              "state": "passed",
              "speed": "slow",
              "pass": true,
              "fail": false,
              "pending": false,
              "context": null,
              "code": "_FiltersPage.default.selectRandomGenre().then(selectedGenre => {\n  _FiltersPage.default.closeFilterMenu();\n  _FiltersPage.default.checkSelectedFilterVisibility(selectedGenre);\n});",
              "err": {},
              "uuid": "11035a24-a45b-4251-8a32-4f30e1d4fd30",
              "parentUUID": "890d7626-c946-438b-8411-09e6923e171d",
              "isHook": false,
              "skipped": false
            }
          ],
          "suites": [],
          "passes": [
            "11035a24-a45b-4251-8a32-4f30e1d4fd30"
          ],
          "failures": [],
          "pending": [],
          "skipped": [],
          "duration": 20308,
          "root": false,
          "rootEmpty": false,
          "_timeout": 2000
        }
      ],
      "passes": [],
      "failures": [],
      "pending": [],
      "skipped": [],
      "duration": 0,
      "root": true,
      "rootEmpty": true,
      "_timeout": 2000
    }
  ],
  "meta": {
    "mocha": {
      "version": "7.0.1"
    },
    "mochawesome": {
      "options": {
        "quiet": false,
        "reportFilename": "mochawesome",
        "saveHtml": false,
        "saveJson": true,
        "consoleReporter": "spec",
        "useInlineDiffs": false,
        "code": true
      },
      "version": "7.1.3"
    },
    "marge": {
      "options": {
        "charts": true,
        "reportPageTitle": "QA Task Report",
        "embeddedScreenshots": false,
        "inlineAssets": true,
        "saveAllAttempts": false,
        "overwrite": false,
        "html": false,
        "json": true,
        "reportDir": "cypress/reports/html/.jsons"
      },
      "version": "6.2.0"
    }
  }
}